0 info it worked if it ends with ok
1 verbose cli [
1 verbose cli   '/home/precious/.nvm/versions/node/v14.4.0/bin/node',
1 verbose cli   '/home/precious/.nvm/versions/node/v14.4.0/bin/npm',
1 verbose cli   'run',
1 verbose cli   'build'
1 verbose cli ]
2 info using npm@6.14.7
3 info using node@v14.4.0
4 verbose run-script [ 'prebuild', 'build', 'postbuild' ]
5 info lifecycle web@1.0.0~prebuild: web@1.0.0
6 info lifecycle web@1.0.0~build: web@1.0.0
7 verbose lifecycle web@1.0.0~build: unsafe-perm in lifecycle true
8 verbose lifecycle web@1.0.0~build: PATH: /home/precious/.nvm/versions/node/v14.4.0/lib/node_modules/npm/node_modules/npm-lifecycle/node-gyp-bin:/home/precious/Desktop/web/node_modules/.bin:/home/precious/.nvm/versions/node/v14.4.0/bin:/home/precious/.rbenv/shims:/home/precious/.rbenv/bin:/home/precious/.local/bin:/usr/local/sbin:/usr/local/bin:/usr/sbin:/usr/bin:/sbin:/bin:/usr/games:/usr/local/games:/snap/bin
9 verbose lifecycle web@1.0.0~build: CWD: /home/precious/Desktop/web
10 silly lifecycle web@1.0.0~build: Args: [ '-c', 'webpack' ]
11 silly lifecycle web@1.0.0~build: Returned: code: 2  signal: null
12 info lifecycle web@1.0.0~build: Failed to exec build script
13 verbose stack Error: web@1.0.0 build: `webpack`
13 verbose stack Exit status 2
13 verbose stack     at EventEmitter.<anonymous> (/home/precious/.nvm/versions/node/v14.4.0/lib/node_modules/npm/node_modules/npm-lifecycle/index.js:332:16)
13 verbose stack     at EventEmitter.emit (events.js:315:20)
13 verbose stack     at ChildProcess.<anonymous> (/home/precious/.nvm/versions/node/v14.4.0/lib/node_modules/npm/node_modules/npm-lifecycle/lib/spawn.js:55:14)
13 verbose stack     at ChildProcess.emit (events.js:315:20)
13 verbose stack     at maybeClose (internal/child_process.js:1051:16)
13 verbose stack     at Process.ChildProcess._handle.onexit (internal/child_process.js:287:5)
14 verbose pkgid web@1.0.0
15 verbose cwd /home/precious/Desktop/web
16 verbose Linux 5.3.0-62-generic
17 verbose argv "/home/precious/.nvm/versions/node/v14.4.0/bin/node" "/home/precious/.nvm/versions/node/v14.4.0/bin/npm" "run" "build"
18 verbose node v14.4.0
19 verbose npm  v6.14.7
20 error code ELIFECYCLE
21 error errno 2
22 error web@1.0.0 build: `webpack`
22 error Exit status 2
23 error Failed at the web@1.0.0 build script.
23 error This is probably not a problem with npm. There is likely additional logging output above.
24 verbose exit [ 2, true ]
